0 info it worked if it ends with ok
1 verbose cli [ 'c:\\Program Files\\nodejs\\node.exe',
1 verbose cli   'c:\\Program Files\\nodejs\\node_modules\\npm\\bin\\npm-cli.js',
1 verbose cli   'link' ]
2 info using npm@2.15.1
3 info using node@v4.4.3
4 verbose linkPkg c:\Users\Ranjini\Documents\ETH\8_Sem\development\XD-MVC-Client
5 verbose stack Error: ENOENT: no such file or directory, open 'c:\Users\Ranjini\Documents\ETH\8_Sem\development\XD-MVC-Client\package.json'
5 verbose stack     at Error (native)
6 verbose cwd c:\Users\Ranjini\Documents\ETH\8_Sem\development\XD-MVC-Client
7 error Windows_NT 6.1.7601
8 error argv "c:\\Program Files\\nodejs\\node.exe" "c:\\Program Files\\nodejs\\node_modules\\npm\\bin\\npm-cli.js" "link"
9 error node v4.4.3
10 error npm  v2.15.1
11 error path c:\Users\Ranjini\Documents\ETH\8_Sem\development\XD-MVC-Client\package.json
12 error code ENOENT
13 error errno -4058
14 error syscall open
15 error enoent ENOENT: no such file or directory, open 'c:\Users\Ranjini\Documents\ETH\8_Sem\development\XD-MVC-Client\package.json'
15 error enoent This is most likely not a problem with npm itself
15 error enoent and is related to npm not being able to find a file.
16 verbose exit [ -4058, true ]
